[debug] [2021-11-04T09:40:05.851Z] ----------------------------------------------------------------------
[debug] [2021-11-04T09:40:05.859Z] Command:       C:\Program Files\nodejs\node.exe C:\Users\حسني\AppData\Roaming\npm\node_modules\firebase-tools\lib\bin\firebase.js init
[debug] [2021-11-04T09:40:05.860Z] CLI Version:   9.21.0
[debug] [2021-11-04T09:40:05.861Z] Platform:      win32
[debug] [2021-11-04T09:40:05.861Z] Node Version:  v16.13.0
[debug] [2021-11-04T09:40:05.865Z] Time:          Thu Nov 04 2021 11:40:05 GMT+0200 (توقيت شرق أوروبا الرسمي)
[debug] [2021-11-04T09:40:05.865Z] ----------------------------------------------------------------------
[debug] 
[debug] [2021-11-04T09:40:05.891Z] > command requires scopes: ["email","openid","https://www.googleapis.com/auth/cloudplatformprojects.readonly","https://www.googleapis.com/auth/firebase","https://www.googleapis.com/auth/cloud-platform"]
[debug] [2021-11-04T09:40:05.893Z] > authorizing via signed-in user (samararfa1998@gmail.com)
[info] 
     ######## #### ########  ######## ########     ###     ######  ########
     ##        ##  ##     ## ##       ##     ##  ##   ##  ##       ##
     ######    ##  ########  ######   ########  #########  ######  ######
     ##        ##  ##    ##  ##       ##     ## ##     ##       ## ##
     ##       #### ##     ## ######## ########  ##     ##  ######  ########

You're about to initialize a Firebase project in this directory:

  E:\laravel\laravelfirebase

[info] 
=== Project Setup
[info] 
[info] First, let's associate this project directory with a Firebase project.
[info] You can create multiple project aliases by running firebase use --add, 
[info] but for now we'll just set up a default project.
[info] 
[info] i  If you want to create a project in a Google Cloud organization or folder, please use "firebase projects:create" instead, and return to this command when you've created the project. 
